<?xml version="1.0" encoding="UTF-8"?>
<!-- Generated by org.testng.reporters.JUnitReportReporter -->
<testsuite skipped="0" hostname="DESKTOP-AMSG348" name="newTests.SnapDeal" tests="1" failures="0" timestamp="2020-01-11T15:05:34 IST" time="29.303" errors="0">
  <testcase name="loginTest" time="29.303" classname="newTests.SnapDeal"/>
</testsuite> <!-- newTests.SnapDeal -->
