<?xml version="1.0" encoding="UTF-8"?>
<!-- Generated by org.testng.reporters.JUnitReportReporter -->
<testsuite skipped="0" hostname="DESKTOP-AMSG348" name="searchJobs.TC03" tests="1" failures="0" timestamp="2019-12-22T15:28:04 IST" time="97.781" errors="0">
  <testcase name="testCase03" time="97.781" classname="searchJobs.TC03"/>
</testsuite> <!-- searchJobs.TC03 -->
