<?xml version="1.0" encoding="UTF-8"?>
<!-- Generated by org.testng.reporters.JUnitReportReporter -->
<testsuite skipped="0" hostname="DESKTOP-AMSG348" name="jan_12.TC01" tests="1" failures="0" timestamp="2020-01-12T15:01:00 IST" time="12.499" errors="0">
  <testcase name="testCase01" time="12.499" classname="jan_12.TC01"/>
</testsuite> <!-- jan_12.TC01 -->
