<?xml version="1.0" encoding="UTF-8"?>
<!-- Generated by org.testng.reporters.JUnitReportReporter -->
<testsuite skipped="0" hostname="DESKTOP-AMSG348" name="searchJobs.TC04" tests="1" failures="0" timestamp="2019-12-22T16:03:31 IST" time="39.676" errors="0">
  <testcase name="testCase04" time="39.676" classname="searchJobs.TC04"/>
</testsuite> <!-- searchJobs.TC04 -->
