<?xml version="1.0" encoding="UTF-8"?>
<!-- Generated by org.testng.reporters.JUnitReportReporter -->
<testsuite skipped="0" hostname="DESKTOP-AMSG348" name="newTests.TC02" tests="1" failures="0" timestamp="2020-01-05T15:19:57 IST" time="28.338" errors="0">
  <testcase name="testCase02" time="28.338" classname="newTests.TC02"/>
</testsuite> <!-- newTests.TC02 -->
