<?xml version="1.0" encoding="UTF-8"?>
<!-- Generated by org.testng.reporters.JUnitReportReporter -->
<testsuite skipped="0" hostname="DESKTOP-AMSG348" name="newTests.NaukriDropDown" tests="1" failures="0" timestamp="2020-01-12T15:57:45 IST" time="74.053" errors="0">
  <testcase name="naukriDropDown" time="74.053" classname="newTests.NaukriDropDown"/>
</testsuite> <!-- newTests.NaukriDropDown -->
