<?xml version="1.0" encoding="UTF-8"?>
<!-- Generated by org.testng.reporters.JUnitReportReporter -->
<testsuite skipped="0" hostname="DESKTOP-AMSG348" name="newTests.TC01" tests="1" failures="0" timestamp="2020-01-05T15:18:19 IST" time="22.844" errors="0">
  <testcase name="testCase01" time="22.844" classname="newTests.TC01"/>
</testsuite> <!-- newTests.TC01 -->
