<?xml version="1.0" encoding="UTF-8"?>
<!-- Generated by org.testng.reporters.JUnitReportReporter -->
<testsuite skipped="0" hostname="DESKTOP-AMSG348" name="newTests.TestNGannotations" tests="2" failures="0" timestamp="2020-01-12T15:24:35 IST" time="0.008" errors="0">
  <testcase name="testCase01" time="0.006" classname="newTests.TestNGannotations"/>
  <testcase name="testCase02" time="0.002" classname="newTests.TestNGannotations"/>
</testsuite> <!-- newTests.TestNGannotations -->
