<?xml version="1.0" encoding="UTF-8"?>
<!-- Generated by org.testng.reporters.JUnitReportReporter -->
<testsuite skipped="0" hostname="DESKTOP-AMSG348" name="searchJobs.TC05" tests="1" failures="0" timestamp="2019-12-28T16:34:26 IST" time="37.196" errors="0">
  <testcase name="testCase05" time="37.196" classname="searchJobs.TC05"/>
</testsuite> <!-- searchJobs.TC05 -->
