<?xml version="1.0" encoding="UTF-8"?>
<!-- Generated by org.testng.reporters.JUnitReportReporter -->
<testsuite skipped="0" hostname="DESKTOP-AMSG348" name="newTests.TC03" tests="1" failures="0" timestamp="2020-01-05T15:51:07 IST" time="23.477" errors="0">
  <testcase name="testCase03" time="23.477" classname="newTests.TC03"/>
</testsuite> <!-- newTests.TC03 -->
