<?xml version="1.0" encoding="UTF-8"?>
<!-- Generated by org.testng.reporters.JUnitReportReporter -->
<testsuite skipped="0" hostname="DESKTOP-AMSG348" name="searchJobs.TC02" tests="1" failures="0" timestamp="2019-12-21T16:30:02 IST" time="137.009" errors="0">
  <testcase name="testCase02" time="137.009" classname="searchJobs.TC02"/>
</testsuite> <!-- searchJobs.TC02 -->
