<?xml version="1.0" encoding="UTF-8"?>
<!-- Generated by org.testng.reporters.JUnitReportReporter -->
<testsuite skipped="0" hostname="DESKTOP-AMSG348" name="newTests.TC03" tests="1" failures="0" timestamp="2020-01-11T16:02:05 IST" time="24.915" errors="0">
  <testcase name="testCase03" time="24.915" classname="newTests.TC03"/>
</testsuite> <!-- newTests.TC03 -->
