<?xml version="1.0" encoding="UTF-8"?>
<!-- Generated by org.testng.reporters.JUnitReportReporter -->
<testsuite skipped="0" hostname="DESKTOP-AMSG348" name="newTests.SnapDeal" tests="1" failures="0" timestamp="2020-01-12T15:57:45 IST" time="87.162" errors="0">
  <testcase name="loginTest" time="87.162" classname="newTests.SnapDeal"/>
</testsuite> <!-- newTests.SnapDeal -->
