<?xml version="1.0" encoding="UTF-8"?>
<!-- Generated by org.testng.reporters.JUnitReportReporter -->
<testsuite skipped="0" hostname="DESKTOP-AMSG348" name="newTests.TC04" tests="1" failures="0" timestamp="2020-01-05T16:08:06 IST" time="19.041" errors="0">
  <testcase name="testCase04" time="19.041" classname="newTests.TC04"/>
</testsuite> <!-- newTests.TC04 -->
