<?xml version="1.0" encoding="UTF-8"?>
<!-- Generated by org.testng.reporters.JUnitReportReporter -->
<testsuite skipped="0" hostname="DESKTOP-AMSG348" name="SearchJobs.SearchByLocation" tests="1" failures="0" timestamp="2019-12-15T15:48:39 IST" time="35.017" errors="0">
  <testcase name="searchByLocation" time="35.017" classname="SearchJobs.SearchByLocation"/>
</testsuite> <!-- SearchJobs.SearchByLocation -->
